[ 2017-11-02T10:47:04+08:00 ] ::1 /cateringcms/index.php/Cart/addCart.html
INFO: [ app_begin ] --START--
INFO: Run Behavior\ReadHtmlCacheBehavior [ RunTime:0.001033s ]
INFO: [ app_begin ] --END-- [ RunTime:0.003132s ]
SQL: SHOW COLUMNS FROM `page` [ RunTime:0.0065s ]
SQL: SELECT `id`,`title` FROM `page`  [ RunTime:0.0005s ]
SQL: SHOW COLUMNS FROM `weblink` [ RunTime:0.0060s ]
SQL: SELECT `webname`,`linkurl` FROM `weblink`  [ RunTime:0.0006s ]

[ 2017-11-02T10:47:05+08:00 ] ::1 /cateringcms/index.php/Cart/getNum.html
INFO: [ app_begin ] --START--
INFO: Run Behavior\ReadHtmlCacheBehavior [ RunTime:0.000897s ]
INFO: [ app_begin ] --END-- [ RunTime:0.002467s ]
SQL: SHOW COLUMNS FROM `page` [ RunTime:0.0067s ]
SQL: SELECT `id`,`title` FROM `page`  [ RunTime:0.0007s ]
SQL: SHOW COLUMNS FROM `weblink` [ RunTime:0.0069s ]
SQL: SELECT `webname`,`linkurl` FROM `weblink`  [ RunTime:0.0006s ]

[ 2017-11-02T10:47:16+08:00 ] ::1 /cateringcms/index.php/Cart/incNum.html
INFO: [ app_begin ] --START--
INFO: Run Behavior\ReadHtmlCacheBehavior [ RunTime:0.000892s ]
INFO: [ app_begin ] --END-- [ RunTime:0.002291s ]
SQL: SHOW COLUMNS FROM `page` [ RunTime:0.0060s ]
SQL: SELECT `id`,`title` FROM `page`  [ RunTime:0.0006s ]
SQL: SHOW COLUMNS FROM `weblink` [ RunTime:0.0060s ]
SQL: SELECT `webname`,`linkurl` FROM `weblink`  [ RunTime:0.0006s ]

[ 2017-11-02T10:47:18+08:00 ] ::1 /cateringcms/index.php/Cart/decNum.html
INFO: [ app_begin ] --START--
INFO: Run Behavior\ReadHtmlCacheBehavior [ RunTime:0.000896s ]
INFO: [ app_begin ] --END-- [ RunTime:0.002342s ]
SQL: SHOW COLUMNS FROM `page` [ RunTime:0.0096s ]
SQL: SELECT `id`,`title` FROM `page`  [ RunTime:0.0005s ]
SQL: SHOW COLUMNS FROM `weblink` [ RunTime:0.0062s ]
SQL: SELECT `webname`,`linkurl` FROM `weblink`  [ RunTime:0.0005s ]

[ 2017-11-02T22:40:29+08:00 ] ::1 /cateringcms/index.php/Cart/addCart.html
INFO: [ app_begin ] --START--
INFO: Run Behavior\ReadHtmlCacheBehavior [ RunTime:0.000991s ]
INFO: [ app_begin ] --END-- [ RunTime:0.002729s ]
SQL: SHOW COLUMNS FROM `page` [ RunTime:0.0060s ]
SQL: SELECT `id`,`title` FROM `page`  [ RunTime:0.0006s ]
SQL: SHOW COLUMNS FROM `weblink` [ RunTime:0.0062s ]
SQL: SELECT `webname`,`linkurl` FROM `weblink`  [ RunTime:0.0010s ]

[ 2017-11-02T22:40:30+08:00 ] ::1 /cateringcms/index.php/Cart/getNum.html
INFO: [ app_begin ] --START--
INFO: Run Behavior\ReadHtmlCacheBehavior [ RunTime:0.002037s ]
INFO: [ app_begin ] --END-- [ RunTime:0.005170s ]
SQL: SHOW COLUMNS FROM `page` [ RunTime:0.0049s ]
SQL: SELECT `id`,`title` FROM `page`  [ RunTime:0.0006s ]
SQL: SHOW COLUMNS FROM `weblink` [ RunTime:0.0057s ]
SQL: SELECT `webname`,`linkurl` FROM `weblink`  [ RunTime:0.0005s ]

[ 2017-11-02T22:40:34+08:00 ] ::1 /cateringcms/index.php/Cart/addCart.html
INFO: [ app_begin ] --START--
INFO: Run Behavior\ReadHtmlCacheBehavior [ RunTime:0.001166s ]
INFO: [ app_begin ] --END-- [ RunTime:0.003687s ]
SQL: SHOW COLUMNS FROM `page` [ RunTime:0.0062s ]
SQL: SELECT `id`,`title` FROM `page`  [ RunTime:0.0006s ]
SQL: SHOW COLUMNS FROM `weblink` [ RunTime:0.0076s ]
SQL: SELECT `webname`,`linkurl` FROM `weblink`  [ RunTime:0.0006s ]

[ 2017-11-02T22:40:36+08:00 ] ::1 /cateringcms/index.php/Cart/getNum.html
INFO: [ app_begin ] --START--
INFO: Run Behavior\ReadHtmlCacheBehavior [ RunTime:0.000989s ]
INFO: [ app_begin ] --END-- [ RunTime:0.002614s ]
SQL: SHOW COLUMNS FROM `page` [ RunTime:0.0046s ]
SQL: SELECT `id`,`title` FROM `page`  [ RunTime:0.0006s ]
SQL: SHOW COLUMNS FROM `weblink` [ RunTime:0.0048s ]
SQL: SELECT `webname`,`linkurl` FROM `weblink`  [ RunTime:0.0005s ]

